#
# There is insufficient memory for the Java Runtime Environment to continue.
# Native memory allocation (mmap) failed to map 134217728 bytes for Failed to commit area from 0x0000000081c00000 to 0x0000000089c00000 of length 134217728.
# Possible reasons:
#   The system is out of physical RAM or swap space
#   The process is running with CompressedOops enabled, and the Java Heap may be blocking the growth of the native heap
# Possible solutions:
#   Reduce memory load on the system
#   Increase physical memory or swap space
#   Check if swap backing store is full
#   Decrease Java heap size (-Xmx/-Xms)
#   Decrease number of Java threads
#   Decrease Java thread stack sizes (-Xss)
#   Set larger code cache with -XX:ReservedCodeCacheSize=
# This output file may be truncated or incomplete.
#
#  Out of Memory Error (t:/workspace/open/src/hotspot/os/windows/os_windows.cpp:3221), pid=7540, tid=10124
#
# JRE version:  (10.0+46) (build )
# Java VM: Java HotSpot(TM) 64-Bit Server VM (10+46, mixed mode, aot, tiered, compressed oops, g1 gc, windows-amd64)
# No core dump will be written. Minidumps are not enabled by default on client versions of Windows
#

---------------  S U M M A R Y ------------

Command Line: -Dfile.encoding=MS874 AdminMenu

Host: Intel(R) Core(TM) i5-7300HQ CPU @ 2.50GHz, 4 cores, 7G,  Windows 10 , 64 bit Build 16299 (10.0.16299.15)
Time: Fri Apr 27 18:51:09 2018 SE Asia Standard Time elapsed time: 0 seconds (0d 0h 0m 0s)

---------------  T H R E A D  ---------------

Current thread (0x000001f5d603a000):  JavaThread "Unknown thread" [_thread_in_vm, id=10124, stack(0x000000da12e00000,0x000000da12f00000)]

Stack: [0x000000da12e00000,0x000000da12f00000]
Native frames: (J=compiled Java code, j=interpreted, Vv=VM code, C=native code)
V  [jvm.dll+0x59fbf9]
V  [jvm.dll+0x6bca11]
V  [jvm.dll+0x6bdc06]
V  [jvm.dll+0x6be293]
V  [jvm.dll+0x234ba8]
V  [jvm.dll+0x59d4f4]
V  [jvm.dll+0x592345]
V  [jvm.dll+0x2f633b]
V  [jvm.dll+0x2f62a5]
V  [jvm.dll+0x2f6182]
V  [jvm.dll+0x2f8376]
V  [jvm.dll+0x3441f3]
V  [jvm.dll+0x344906]
V  [jvm.dll+0x3442f3]
V  [jvm.dll+0x2c4758]
V  [jvm.dll+0x2c58a1]
V  [jvm.dll+0x69ce1b]
V  [jvm.dll+0x69e63c]
V  [jvm.dll+0x351909]
V  [jvm.dll+0x685282]
V  [jvm.dll+0x3ba143]
V  [jvm.dll+0x3bc321]
C  [javaw.exe+0x3541]
C  [javaw.exe+0xe1cf]
C  [javaw.exe+0xe376]
C  [KERNEL32.DLL+0x11fe4]
C  [ntdll.dll+0x6f061]


---------------  P R O C E S S  ---------------

Threads class SMR info:
_java_thread_list=0x000001f5d5e26fd0, length=0, elements={
}

Java Threads: ( => current thread )

Other Threads:
  0x000001f5d6053000 GCTaskThread "GC Thread#0" [stack: 0x000000da12f00000,0x000000da13000000] [id=19520]
  0x000001f5d6054800 GCTaskThread "GC Thread#1" [stack: 0x000000da13000000,0x000000da13100000] [id=18608]
  0x000001f5d6057000 GCTaskThread "GC Thread#2" [stack: 0x000000da13100000,0x000000da13200000] [id=8208]
  0x000001f5d6059800 GCTaskThread "GC Thread#3" [stack: 0x000000da13200000,0x000000da13300000] [id=19608]
  0x000001f5d60c5800 ConcurrentGCThread "G1 Main Marker" [stack: 0x000000da13300000,0x000000da13400000] [id=2008]
  0x000001f5d60c9800 ConcurrentGCThread "G1 Conc#0" [stack: 0x000000da13400000,0x000000da13500000] [id=17744]

[error occurred during error reporting (printing all threads), id 0xe0000002]

VM state:not at safepoint (not fully initialized)

VM Mutex/Monitor currently owned by a thread:  ([mutex/lock_event])
[0x000001f5d6038760] Heap_lock - owner thread: 0x000001f5d603a000

Heap address: 0x0000000081c00000, size: 2020 MB, Compressed Oops mode: Non-zero based: 0x0000000081c00000
Narrow klass base: 0x0000000000000000, Narrow klass shift: 0

GC Heap History (0 events):
No events

Deoptimization events (0 events):
No events

Classes redefined (0 events):
No events

Internal exceptions (0 events):
No events

Events (0 events):
No events


Dynamic libraries:
0x00007ff6aa2a0000 - 0x00007ff6aa2de000 	C:\Program Files\Java\jre-10\bin\javaw.exe
0x00007ffc3cda0000 - 0x00007ffc3cf80000 	C:\WINDOWS\SYSTEM32\ntdll.dll
0x00007ffc3ae70000 - 0x00007ffc3af1e000 	C:\WINDOWS\System32\KERNEL32.DLL
0x00007ffc39ef0000 - 0x00007ffc3a156000 	C:\WINDOWS\System32\KERNELBASE.dll
0x00007ffc3b420000 - 0x00007ffc3b4c1000 	C:\WINDOWS\System32\ADVAPI32.dll
0x00007ffc3a440000 - 0x00007ffc3a4dd000 	C:\WINDOWS\System32\msvcrt.dll
0x00007ffc3cc80000 - 0x00007ffc3ccdb000 	C:\WINDOWS\System32\sechost.dll
0x00007ffc3af20000 - 0x00007ffc3b03f000 	C:\WINDOWS\System32\RPCRT4.dll
0x00007ffc3ca90000 - 0x00007ffc3cc1f000 	C:\WINDOWS\System32\USER32.dll
0x00007ffc391a0000 - 0x00007ffc391c0000 	C:\WINDOWS\System32\win32u.dll
0x00007ffc3b0d0000 - 0x00007ffc3b0f8000 	C:\WINDOWS\System32\GDI32.dll
0x00007ffc39b80000 - 0x00007ffc39d13000 	C:\WINDOWS\System32\gdi32full.dll
0x00007ffc39990000 - 0x00007ffc39a2b000 	C:\WINDOWS\System32\msvcp_win.dll
0x00007ffc39a30000 - 0x00007ffc39b26000 	C:\WINDOWS\System32\ucrtbase.dll
0x00007ffc2fc10000 - 0x00007ffc2fe79000 	C:\WINDOWS\WinSxS\amd64_microsoft.windows.common-controls_6595b64144ccf1df_6.0.16299.371_none_15c7d1789365a290\COMCTL32.dll
0x00007ffc3b110000 - 0x00007ffc3b418000 	C:\WINDOWS\System32\combase.dll
0x00007ffc391c0000 - 0x00007ffc39232000 	C:\WINDOWS\System32\bcryptPrimitives.dll
0x00007ffc33360000 - 0x00007ffc3336a000 	C:\WINDOWS\SYSTEM32\VERSION.dll
0x00007ffc3ae40000 - 0x00007ffc3ae6d000 	C:\WINDOWS\System32\IMM32.DLL
0x00007ffc17450000 - 0x00007ffc1753f000 	C:\Program Files\Java\jre-10\bin\msvcr120.dll
0x00007ffc1c090000 - 0x00007ffc1c136000 	C:\Program Files\Java\jre-10\bin\msvcp120.dll
0x0000000076f50000 - 0x00000000779bf000 	C:\Program Files\Java\jre-10\bin\server\jvm.dll
0x00007ffc3b0c0000 - 0x00007ffc3b0c8000 	C:\WINDOWS\System32\PSAPI.DLL
0x00007ffc346e0000 - 0x00007ffc346e9000 	C:\WINDOWS\SYSTEM32\WSOCK32.dll
0x00007ffc3cd00000 - 0x00007ffc3cd6c000 	C:\WINDOWS\System32\WS2_32.dll
0x00007ffc35d20000 - 0x00007ffc35d43000 	C:\WINDOWS\SYSTEM32\WINMM.dll
0x00007ffc35cc0000 - 0x00007ffc35cea000 	C:\WINDOWS\SYSTEM32\winmmbase.dll
0x00007ffc39b30000 - 0x00007ffc39b7a000 	C:\WINDOWS\System32\cfgmgr32.dll
0x00007ffc36520000 - 0x00007ffc3652f000 	C:\Program Files\Java\jre-10\bin\verify.dll
0x00007ffc2c4e0000 - 0x00007ffc2c6a8000 	C:\WINDOWS\SYSTEM32\DBGHELP.DLL
0x00007ffc2c440000 - 0x00007ffc2c469000 	C:\WINDOWS\SYSTEM32\dbgcore.DLL
0x00007ffc26010000 - 0x00007ffc26037000 	C:\Program Files\Java\jre-10\bin\java.dll
0x00007ffc2b840000 - 0x00007ffc2b856000 	C:\Program Files\Java\jre-10\bin\zip.dll
0x00007ffc34e60000 - 0x00007ffc34e6a000 	C:\Program Files\Java\jre-10\bin\jimage.dll

dbghelp: loaded successfully - version: 4.0.5 - missing functions: none
symbol engine: initialized successfully - sym options: 0x614 - pdb path: .;C:\Program Files\Java\jre-10\bin;C:\WINDOWS\SYSTEM32;C:\WINDOWS\WinSxS\amd64_microsoft.windows.common-controls_6595b64144ccf1df_6.0.16299.371_none_15c7d1789365a290;C:\Program Files\Java\jre-10\bin\server

VM Arguments:
jvm_args: -Dfile.encoding=MS874 
java_command: AdminMenu
java_class_path (initial): C:\Program Files\Java\jre-10\lib\jrt-fs.jar;C:\Users\User\eclipse-workspace\Project\bin
Launcher Type: SUN_STANDARD

Logging:
Log output configuration:
#0: stdout all=warning uptime,level,tags
#1: stderr all=off uptime,level,tags

Environment Variables:
PATH=C:\ProgramData\Oracle\Java\javapath;C:\Program Files (x86)\Intel\iCLS Client\;C:\Program Files\Intel\iCLS Client\;C:\Windows\system32;C:\Windows;C:\Windows\System32\Wbem;C:\Windows\System32\WindowsPowerShell\v1.0\;C:\Program Files (x86)\NVIDIA Corporation\PhysX\Common;C:\Program Files (x86)\Intel\Intel(R) Management Engine Components\DAL;C:\Program Files\Intel\Intel(R) Management Engine Components\DAL;C:\Program Files (x86)\Intel\Intel(R) Management Engine Components\IPT;C:\Program Files\Intel\Intel(R) Management Engine Components\IPT;C:\WINDOWS\system32;C:\WINDOWS;C:\WINDOWS\System32\Wbem;C:\WINDOWS\System32\WindowsPowerShell\v1.0\;C:\Users\User\AppData\Local\Microsoft\WindowsApps;
USERNAME=User
OS=Windows_NT
PROCESSOR_IDENTIFIER=Intel64 Family 6 Model 158 Stepping 9, GenuineIntel



---------------  S Y S T E M  ---------------

OS: Windows 10 , 64 bit Build 16299 (10.0.16299.15)

CPU:total 4 (initial active 4) (4 cores per cpu, 1 threads per core) family 6 model 158 stepping 9, cmov, cx8, fxsr, mmx, sse, sse2, sse3, ssse3, sse4.1, sse4.2, popcnt, avx, avx2, aes, clmul, erms, 3dnowpref, lzcnt, tsc, tscinvbit, bmi1, bmi2, adx, fma

Memory: 4k page, physical 8270868k(383336k free), swap 22677716k(80184k free)

vm_info: Java HotSpot(TM) 64-Bit Server VM (10+46) for windows-amd64 JRE (10+46), built on Mar  8 2018 02:11:18 by "mach5one" with MS VC++ 12.0 (VS2013)

END.
